Generated at 2014-07-03 02:18:27 +0000
ArgumentError: Unable to create Chef::RunList::RunListItem from String:"recipe[apt],recipe[chef-client::cron],recipe[my-company],recipe[apache]": must be recipe[] or role[]
/opt/chef/embedded/lib/ruby/gems/1.9.1/gems/chef-11.12.8/lib/chef/run_list/run_list_item.rb:59:in `initialize'
/opt/chef/embedded/lib/ruby/gems/1.9.1/gems/chef-11.12.8/lib/chef/run_list.rb:145:in `new'
/opt/chef/embedded/lib/ruby/gems/1.9.1/gems/chef-11.12.8/lib/chef/run_list.rb:145:in `parse_entry'
/opt/chef/embedded/lib/ruby/gems/1.9.1/gems/chef-11.12.8/lib/chef/run_list.rb:149:in `coerce_to_run_list_item'
/opt/chef/embedded/lib/ruby/gems/1.9.1/gems/chef-11.12.8/lib/chef/run_list.rb:64:in `<<'
/opt/chef/embedded/lib/ruby/gems/1.9.1/gems/chef-11.12.8/lib/chef/run_list.rb:122:in `block in reset!'
/opt/chef/embedded/lib/ruby/gems/1.9.1/gems/chef-11.12.8/lib/chef/run_list.rb:118:in `each'
/opt/chef/embedded/lib/ruby/gems/1.9.1/gems/chef-11.12.8/lib/chef/run_list.rb:118:in `reset!'
/opt/chef/embedded/lib/ruby/gems/1.9.1/gems/chef-11.12.8/lib/chef/node.rb:279:in `run_list'
/opt/chef/embedded/lib/ruby/gems/1.9.1/gems/chef-11.12.8/lib/chef/node.rb:335:in `consume_run_list'
/opt/chef/embedded/lib/ruby/gems/1.9.1/gems/chef-11.12.8/lib/chef/node.rb:307:in `consume_attributes'
/opt/chef/embedded/lib/ruby/gems/1.9.1/gems/chef-11.12.8/lib/chef/node.rb:295:in `consume_external_attrs'
/opt/chef/embedded/lib/ruby/gems/1.9.1/gems/chef-11.12.8/lib/chef/policy_builder/expand_node_object.rb:118:in `build_node'
/opt/chef/embedded/lib/ruby/gems/1.9.1/gems/chef-11.12.8/lib/chef/client.rb:259:in `build_node'
/opt/chef/embedded/lib/ruby/gems/1.9.1/gems/chef-11.12.8/lib/chef/client.rb:420:in `do_run'
/opt/chef/embedded/lib/ruby/gems/1.9.1/gems/chef-11.12.8/lib/chef/client.rb:213:in `block in run'
/opt/chef/embedded/lib/ruby/gems/1.9.1/gems/chef-11.12.8/lib/chef/client.rb:207:in `fork'
/opt/chef/embedded/lib/ruby/gems/1.9.1/gems/chef-11.12.8/lib/chef/client.rb:207:in `run'
/opt/chef/embedded/lib/ruby/gems/1.9.1/gems/chef-11.12.8/lib/chef/application.rb:217:in `run_chef_client'
/opt/chef/embedded/lib/ruby/gems/1.9.1/gems/chef-11.12.8/lib/chef/application/solo.rb:221:in `block in run_application'
/opt/chef/embedded/lib/ruby/gems/1.9.1/gems/chef-11.12.8/lib/chef/application/solo.rb:213:in `loop'
/opt/chef/embedded/lib/ruby/gems/1.9.1/gems/chef-11.12.8/lib/chef/application/solo.rb:213:in `run_application'
/opt/chef/embedded/lib/ruby/gems/1.9.1/gems/chef-11.12.8/lib/chef/application.rb:67:in `run'
/opt/chef/embedded/lib/ruby/gems/1.9.1/gems/chef-11.12.8/bin/chef-solo:25:in `<top (required)>'
/usr/bin/chef-solo:23:in `load'
/usr/bin/chef-solo:23:in `<main>'